<?xml version="1.0" encoding="UTF-8"?>
<testsuite xmlns:xsi="http://www.w3.org/2001/XMLSchema-instance" xsi:noNamespaceSchemaLocation="https://maven.apache.org/surefire/maven-surefire-plugin/xsd/surefire-test-report-3.0.xsd" version="3.0" name="org.example.LoanCalculatorTest" time="0.404" tests="33" errors="0" skipped="0" failures="0">
  <properties>
[...]
</properties>
  <testcase name="weakTest(int, double, boolean, boolean, double)[1]" classname="org.example.LoanCalculatorTest" time="0.121"/>
  <testcase name="weakTest(int, double, boolean, boolean, double)[2]" classname="org.example.LoanCalculatorTest" time="0.004">
    <system-out><![CDATA[0.6
]]></system-out>
  </testcase>
  <testcase name="weakTest(int, double, boolean, boolean, double)[3]" classname="org.example.LoanCalculatorTest" time="0.003">
    <system-out><![CDATA[2.5
]]></system-out>
  </testcase>
  <testcase name="strongTest(int, double, boolean, boolean, double)[1]" classname="org.example.LoanCalculatorTest" time="0.002"/>
  <testcase name="strongTest(int, double, boolean, boolean, double)[2]" classname="org.example.LoanCalculatorTest" time="0.002">
    <system-out><![CDATA[0.1
]]></system-out>
  </testcase>
  <testcase name="strongTest(int, double, boolean, boolean, double)[3]" classname="org.example.LoanCalculatorTest" time="0.001"/>
  <testcase name="strongTest(int, double, boolean, boolean, double)[4]" classname="org.example.LoanCalculatorTest" time="0.002">
    <system-out><![CDATA[0.1
]]></system-out>
  </testcase>
  <testcase name="strongTest(int, double, boolean, boolean, double)[5]" classname="org.example.LoanCalculatorTest" time="0.002"/>
  <testcase name="strongTest(int, double, boolean, boolean, double)[6]" classname="org.example.LoanCalculatorTest" time="0.001">
    <system-out><![CDATA[0.1
]]></system-out>
  </testcase>
  <testcase name="strongTest(int, double, boolean, boolean, double)[7]" classname="org.example.LoanCalculatorTest" time="0.003"/>
  <testcase name="strongTest(int, double, boolean, boolean, double)[8]" classname="org.example.LoanCalculatorTest" time="0.002">
    <system-out><![CDATA[0.1
]]></system-out>
  </testcase>
  <testcase name="strongTest(int, double, boolean, boolean, double)[9]" classname="org.example.LoanCalculatorTest" time="0.002"/>
  <testcase name="strongTest(int, double, boolean, boolean, double)[10]" classname="org.example.LoanCalculatorTest" time="0.001">
    <system-out><![CDATA[0.6
]]></system-out>
  </testcase>
  <testcase name="strongTest(int, double, boolean, boolean, double)[11]" classname="org.example.LoanCalculatorTest" time="0.002"/>
  <testcase name="strongTest(int, double, boolean, boolean, double)[12]" classname="org.example.LoanCalculatorTest" time="0.001">
    <system-out><![CDATA[0.6
]]></system-out>
  </testcase>
  <testcase name="strongTest(int, double, boolean, boolean, double)[13]" classname="org.example.LoanCalculatorTest" time="0.002"/>
  <testcase name="strongTest(int, double, boolean, boolean, double)[14]" classname="org.example.LoanCalculatorTest" time="0.002">
    <system-out><![CDATA[0.6
]]></system-out>
  </testcase>
  <testcase name="strongTest(int, double, boolean, boolean, double)[15]" classname="org.example.LoanCalculatorTest" time="0.002"/>
  <testcase name="strongTest(int, double, boolean, boolean, double)[16]" classname="org.example.LoanCalculatorTest" time="0.001">
    <system-out><![CDATA[0.6
]]></system-out>
  </testcase>
  <testcase name="strongTest(int, double, boolean, boolean, double)[17]" classname="org.example.LoanCalculatorTest" time="0.002"/>
  <testcase name="strongTest(int, double, boolean, boolean, double)[18]" classname="org.example.LoanCalculatorTest" time="0.001">
    <system-out><![CDATA[2.5
]]></system-out>
  </testcase>
  <testcase name="strongTest(int, double, boolean, boolean, double)[19]" classname="org.example.LoanCalculatorTest" time="0.001"/>
  <testcase name="strongTest(int, double, boolean, boolean, double)[20]" classname="org.example.LoanCalculatorTest" time="0.002">
    <system-out><![CDATA[1.1
]]></system-out>
  </testcase>
  <testcase name="strongTest(int, double, boolean, boolean, double)[21]" classname="org.example.LoanCalculatorTest" time="0.001"/>
  <testcase name="strongTest(int, double, boolean, boolean, double)[22]" classname="org.example.LoanCalculatorTest" time="0.0">
    <system-out><![CDATA[1.1
]]></system-out>
  </testcase>
  <testcase name="strongTest(int, double, boolean, boolean, double)[23]" classname="org.example.LoanCalculatorTest" time="0.002"/>
  <testcase name="strongTest(int, double, boolean, boolean, double)[24]" classname="org.example.LoanCalculatorTest" time="0.001">
    <system-out><![CDATA[1.1
]]></system-out>
  </testcase>
  <testcase name="allPairTest(int, double, boolean, boolean, double)[1]" classname="org.example.LoanCalculatorTest" time="0.002"/>
  <testcase name="allPairTest(int, double, boolean, boolean, double)[2]" classname="org.example.LoanCalculatorTest" time="0.001">
    <system-out><![CDATA[0.1
]]></system-out>
  </testcase>
  <testcase name="allPairTest(int, double, boolean, boolean, double)[3]" classname="org.example.LoanCalculatorTest" time="0.001"/>
  <testcase name="allPairTest(int, double, boolean, boolean, double)[4]" classname="org.example.LoanCalculatorTest" time="0.002">
    <system-out><![CDATA[0.6
]]></system-out>
  </testcase>
  <testcase name="allPairTest(int, double, boolean, boolean, double)[5]" classname="org.example.LoanCalculatorTest" time="0.001"/>
  <testcase name="allPairTest(int, double, boolean, boolean, double)[6]" classname="org.example.LoanCalculatorTest" time="0.001">
    <system-out><![CDATA[2.5
]]></system-out>
  </testcase>
</testsuite>